<?xml version="1.0" encoding="UTF-8" ?>
<testsuite errors="0" failures="0" hostname="Vicente-PC" name="ValoresTest" skipped="0" tests="3" time="0.062" timestamp="2019-06-01T14:41:48">
  <properties>
[...]
</properties>
  <testcase classname="ValoresTest" name="testDel" time="0.0" />
  <testcase classname="ValoresTest" name="testIns" time="0.0" />
  <testcase classname="ValoresTest" name="testSize" time="0.0" />
  <system-out><![CDATA[meu log: 2
meu log: 2
meu log: 2
meu log: 2
meu log: 2
meu log: 2
meu log: 2
meu log: 2
meu log: 2
meu log: 2
meu log: 2
meu log: 2
meu log: 2
meu log: 2
meu log: 2
meu log: 2
meu log: 2
meu log: 2
meu log: 2
meu log: 2
meu log: 2
meu log: 2
meu log: 2
meu log: 2
meu log: 2
meu log: 2
meu log: 2
meu log: 2
]]></system-out>
  <system-err><![CDATA[]]></system-err>
</testsuite>
